2022-11-12 12:23:56 INFO Epoch 0/9
2022-11-12 12:56:02 INFO train LR: [0.001] - Loss: 0.8380 - Acc: 0.9722
2022-11-12 12:56:02 INFO val LR: [0.001] - Loss: 0.3771 - Acc: 0.8704
2022-11-12 12:56:02 INFO -----------
2022-11-12 12:56:05 INFO Epoch 1/9
2022-11-12 13:28:19 INFO train LR: [0.001] - Loss: 0.1689 - Acc: 0.9752
2022-11-12 13:28:19 INFO val LR: [0.001] - Loss: 0.5576 - Acc: 0.8333
2022-11-12 13:28:19 INFO -----------
2022-11-12 13:28:22 INFO Epoch 2/9
2022-11-12 14:01:38 INFO train LR: [0.001] - Loss: 0.1071 - Acc: 0.9831
2022-11-12 14:01:38 INFO val LR: [0.001] - Loss: 0.5373 - Acc: 0.8333
2022-11-12 14:01:38 INFO -----------
2022-11-12 14:01:43 INFO Epoch 3/9
2022-11-12 14:35:11 INFO train LR: [0.0001] - Loss: 0.0526 - Acc: 0.9950
2022-11-12 14:35:11 INFO val LR: [0.0001] - Loss: 0.3365 - Acc: 0.9630
2022-11-12 14:35:11 INFO -----------
2022-11-12 14:35:16 INFO Epoch 4/9
2022-11-12 15:08:46 INFO train LR: [0.0001] - Loss: 0.0505 - Acc: 0.9950
2022-11-12 15:08:46 INFO val LR: [0.0001] - Loss: 0.4671 - Acc: 0.9444
2022-11-12 15:08:46 INFO -----------
2022-11-12 15:08:52 INFO Epoch 5/9
2022-11-12 15:45:15 INFO train LR: [0.0001] - Loss: 0.0842 - Acc: 0.9980
2022-11-12 15:45:15 INFO val LR: [0.0001] - Loss: 0.3652 - Acc: 0.9444
2022-11-12 15:45:15 INFO -----------
2022-11-12 15:45:25 INFO Epoch 6/9
2022-11-12 16:21:18 INFO train LR: [1e-05] - Loss: 0.0222 - Acc: 1.0000
2022-11-12 16:21:18 INFO val LR: [1e-05] - Loss: 0.3021 - Acc: 0.9444
2022-11-12 16:21:18 INFO -----------
2022-11-12 16:21:28 INFO Epoch 7/9
2022-11-12 16:58:14 INFO train LR: [1e-05] - Loss: 0.0084 - Acc: 1.0000
2022-11-12 16:58:14 INFO val LR: [1e-05] - Loss: 0.2034 - Acc: 0.9259
2022-11-12 16:58:14 INFO -----------
2022-11-12 16:58:26 INFO Epoch 8/9
2022-11-12 17:35:10 INFO train LR: [1e-05] - Loss: 0.0039 - Acc: 1.0000
2022-11-12 17:35:10 INFO val LR: [1e-05] - Loss: 0.0362 - Acc: 1.0000
2022-11-12 17:35:10 INFO -----------
2022-11-12 17:35:25 INFO Epoch 9/9
2022-11-12 18:12:09 INFO train LR: [1.0000000000000002e-06] - Loss: 0.0063 - Acc: 1.0000
2022-11-12 18:12:09 INFO val LR: [1.0000000000000002e-06] - Loss: 0.2217 - Acc: 0.9444
2022-11-12 18:12:09 INFO -----------
